<?xml version="1.0" encoding="UTF-8"?>
<testsuite xmlns:xsi="http://www.w3.org/2001/XMLSchema-instance" xsi:noNamespaceSchemaLocation="https://maven.apache.org/surefire/maven-surefire-plugin/xsd/surefire-test-report-3.0.xsd" version="3.0" name="ik.kvlzx.org.AppTest" time="0.213" tests="1" errors="0" skipped="0" failures="0">
  <properties>
    <property name="java.specification.version" value="24"/>
    <property name="sun.cpu.isalist" value="amd64"/>
    <property name="sun.jnu.encoding" value="Cp1252"/>
    <property name="java.class.path" value="D:\Kv Developer\PUGLINS NASHE\ik\target\test-classes;D:\Kv Developer\PUGLINS NASHE\ik\target\classes;C:\Users\Kv\.m2\repository\org\spigotmc\spigot-api\1.8-R0.1-SNAPSHOT\spigot-api-1.8-R0.1-SNAPSHOT.jar;C:\Users\Kv\.m2\repository\commons-lang\commons-lang\2.6\commons-lang-2.6.jar;C:\Users\Kv\.m2\repository\com\googlecode\json-simple\json-simple\1.1.1\json-simple-1.1.1.jar;C:\Users\Kv\.m2\repository\junit\junit\4.10\junit-4.10.jar;C:\Users\Kv\.m2\repository\org\hamcrest\hamcrest-core\1.1\hamcrest-core-1.1.jar;C:\Users\Kv\.m2\repository\com\google\guava\guava\17.0\guava-17.0.jar;C:\Users\Kv\.m2\repository\org\avaje\ebean\2.8.1\ebean-2.8.1.jar;C:\Users\Kv\.m2\repository\javax\persistence\persistence-api\1.0\persistence-api-1.0.jar;C:\Users\Kv\.m2\repository\org\yaml\snakeyaml\1.14\snakeyaml-1.14.jar;C:\Users\Kv\.m2\repository\net\md-5\bungeecord-chat\1.8-SNAPSHOT\bungeecord-chat-1.8-SNAPSHOT.jar;C:\Users\Kv\.m2\repository\com\google\code\gson\gson\2.3.1\gson-2.3.1.jar;"/>
    <property name="java.vm.vendor" value="Oracle Corporation"/>
    <property name="sun.arch.data.model" value="64"/>
    <property name="user.variant" value=""/>
    <property name="java.vendor.url" value="https://java.oracle.com/"/>
    <property name="user.timezone" value="America/Bogota"/>
    <property name="os.name" value="Windows 11"/>
    <property name="java.vm.specification.version" value="24"/>
    <property name="sun.java.launcher" value="SUN_STANDARD"/>
    <property name="user.country" value="419"/>
    <property name="sun.boot.library.path" value="C:\Program Files\Java\jdk-24\bin"/>
    <property name="sun.java.command" value="C:\Users\Kv\AppData\Local\Temp\surefire11356767268769766758\surefirebooter-20250501154846786_3.jar C:\Users\Kv\AppData\Local\Temp\surefire11356767268769766758 2025-05-01T15-48-46_092-jvmRun1 surefire-20250501154846786_1tmp surefire_0-20250501154846786_2tmp"/>
    <property name="jdk.debug" value="release"/>
    <property name="surefire.test.class.path" value="D:\Kv Developer\PUGLINS NASHE\ik\target\test-classes;D:\Kv Developer\PUGLINS NASHE\ik\target\classes;C:\Users\Kv\.m2\repository\org\spigotmc\spigot-api\1.8-R0.1-SNAPSHOT\spigot-api-1.8-R0.1-SNAPSHOT.jar;C:\Users\Kv\.m2\repository\commons-lang\commons-lang\2.6\commons-lang-2.6.jar;C:\Users\Kv\.m2\repository\com\googlecode\json-simple\json-simple\1.1.1\json-simple-1.1.1.jar;C:\Users\Kv\.m2\repository\junit\junit\4.10\junit-4.10.jar;C:\Users\Kv\.m2\repository\org\hamcrest\hamcrest-core\1.1\hamcrest-core-1.1.jar;C:\Users\Kv\.m2\repository\com\google\guava\guava\17.0\guava-17.0.jar;C:\Users\Kv\.m2\repository\org\avaje\ebean\2.8.1\ebean-2.8.1.jar;C:\Users\Kv\.m2\repository\javax\persistence\persistence-api\1.0\persistence-api-1.0.jar;C:\Users\Kv\.m2\repository\org\yaml\snakeyaml\1.14\snakeyaml-1.14.jar;C:\Users\Kv\.m2\repository\net\md-5\bungeecord-chat\1.8-SNAPSHOT\bungeecord-chat-1.8-SNAPSHOT.jar;C:\Users\Kv\.m2\repository\com\google\code\gson\gson\2.3.1\gson-2.3.1.jar;"/>
    <property name="sun.cpu.endian" value="little"/>
    <property name="user.home" value="C:\Users\Kv"/>
    <property name="user.language" value="es"/>
    <property name="java.specification.vendor" value="Oracle Corporation"/>
    <property name="java.version.date" value="2025-03-18"/>
    <property name="java.home" value="C:\Program Files\Java\jdk-24"/>
    <property name="file.separator" value="\"/>
    <property name="basedir" value="D:\Kv Developer\PUGLINS NASHE\ik"/>
    <property name="java.vm.compressedOopsMode" value="32-bit"/>
    <property name="line.separator" value="&#10;"/>
    <property name="java.vm.specification.vendor" value="Oracle Corporation"/>
    <property name="java.specification.name" value="Java Platform API Specification"/>
    <property name="surefire.real.class.path" value="C:\Users\Kv\AppData\Local\Temp\surefire11356767268769766758\surefirebooter-20250501154846786_3.jar"/>
    <property name="user.script" value=""/>
    <property name="sun.management.compiler" value="HotSpot 64-Bit Tiered Compilers"/>
    <property name="java.runtime.version" value="24+36-3646"/>
    <property name="user.name" value="Kv"/>
    <property name="stdout.encoding" value="Cp1252"/>
    <property name="path.separator" value=";"/>
    <property name="os.version" value="10.0"/>
    <property name="java.runtime.name" value="Java(TM) SE Runtime Environment"/>
    <property name="file.encoding" value="UTF-8"/>
    <property name="java.vm.name" value="Java HotSpot(TM) 64-Bit Server VM"/>
    <property name="localRepository" value="C:\Users\Kv\.m2\repository"/>
    <property name="java.vendor.url.bug" value="https://bugreport.java.com/bugreport/"/>
    <property name="java.io.tmpdir" value="C:\Users\Kv\AppData\Local\Temp\"/>
    <property name="java.version" value="24"/>
    <property name="user.dir" value="D:\Kv Developer\PUGLINS NASHE\ik"/>
    <property name="os.arch" value="amd64"/>
    <property name="java.vm.specification.name" value="Java Virtual Machine Specification"/>
    <property name="sun.os.patch.level" value=""/>
    <property name="native.encoding" value="Cp1252"/>
    <property name="java.library.path" value="C:\Program Files\Java\jdk-24\bin;C:\Windows\Sun\Java\bin;C:\Windows\system32;C:\Windows;C:\Program Files\Common Files\Oracle\Java\javapath;C:\ProgramData\Oracle\Java\javapath;C:\Windows\system32;C:\Windows;C:\Windows\System32\Wbem;C:\Windows\System32\WindowsPowerShell\v1.0\;C:\Windows\System32\OpenSSH\;C:\Program Files\dotnet\;C:\Users\Kv\AppData\Local\Programs\Python\Python311\Scripts\;C:\Users\Kv\AppData\Local\Programs\Python\Python311\;C:\Users\Kv\AppData\Local\Microsoft\WindowsApps;C:\Users\Kv\AppData\Local\Muse Hub\lib;D:\Kv Developer\Programacion\apache-maven-3.9.9\bin;;C:\Users\Kv\AppData\Local\Programs\Microsoft VS Code\bin;c:\Users\Kv\AppData\Roaming\Code\User\globalStorage\github.copilot-chat\debugCommand;."/>
    <property name="java.vm.info" value="mixed mode, sharing"/>
    <property name="stderr.encoding" value="Cp1252"/>
    <property name="java.vendor" value="Oracle Corporation"/>
    <property name="java.vm.version" value="24+36-3646"/>
    <property name="sun.io.unicode.encoding" value="UnicodeLittle"/>
    <property name="java.class.version" value="68.0"/>
  </properties>
  <testcase name="shouldAnswerWithTrue" classname="ik.kvlzx.org.AppTest" time="0.013"/>
</testsuite>